0 info it worked if it ends with ok
1 verbose cli [ 'C:\\Program Files (x86)\\nodejs\\node.exe',
1 verbose cli   'C:\\Program Files (x86)\\nodejs\\node_modules\\npm\\bin\\npm-cli.js',
1 verbose cli   'i',
1 verbose cli   'winax',
1 verbose cli   '--save' ]
2 info using npm@3.10.10
3 info using node@v6.11.2
4 silly loadCurrentTree Starting
5 silly install loadCurrentTree
6 silly install readLocalPackageData
7 silly fetchPackageMetaData winax
8 silly fetchNamedPackageData winax
9 silly mapToRegistry name winax
10 silly mapToRegistry using default registry
11 silly mapToRegistry registry https://registry.npmjs.org/
12 silly mapToRegistry data Result {
12 silly mapToRegistry   raw: 'winax',
12 silly mapToRegistry   scope: null,
12 silly mapToRegistry   escapedName: 'winax',
12 silly mapToRegistry   name: 'winax',
12 silly mapToRegistry   rawSpec: '',
12 silly mapToRegistry   spec: 'latest',
12 silly mapToRegistry   type: 'tag' }
13 silly mapToRegistry uri https://registry.npmjs.org/winax
14 verbose request uri https://registry.npmjs.org/winax
15 verbose request no auth needed
16 info attempt registry request try #1 at 18:09:50
17 verbose request id e5082d695595779f
18 verbose etag "5acf2313-6182"
19 verbose lastModified Thu, 12 Apr 2018 9:12:51 GMT
20 http request GET https://registry.npmjs.org/winax
21 http 304 https://registry.npmjs.org/winax
22 verbose headers { date: 'Fri, 20 Apr 2018 15:09:10 GMT',
22 verbose headers   via: '1.1 varnish',
22 verbose headers   'cache-control': 'max-age=300',
22 verbose headers   etag: '"5acf2313-6182"',
22 verbose headers   age: '245',
22 verbose headers   connection: 'keep-alive',
22 verbose headers   'x-served-by': 'cache-bma7030-BMA',
22 verbose headers   'x-cache': 'HIT',
22 verbose headers   'x-cache-hits': '1',
22 verbose headers   'x-timer': 'S1524236950.427816,VS0,VE1',
22 verbose headers   vary: 'Accept-Encoding, Accept' }
23 silly get cb [ 304,
23 silly get   { date: 'Fri, 20 Apr 2018 15:09:10 GMT',
23 silly get     via: '1.1 varnish',
23 silly get     'cache-control': 'max-age=300',
23 silly get     etag: '"5acf2313-6182"',
23 silly get     age: '245',
23 silly get     connection: 'keep-alive',
23 silly get     'x-served-by': 'cache-bma7030-BMA',
23 silly get     'x-cache': 'HIT',
23 silly get     'x-cache-hits': '1',
23 silly get     'x-timer': 'S1524236950.427816,VS0,VE1',
23 silly get     vary: 'Accept-Encoding, Accept' } ]
24 verbose etag https://registry.npmjs.org/winax from cache
25 verbose get saving winax to C:\Users\Виталий\AppData\Roaming\npm-cache\registry.npmjs.org\winax\.cache.json
26 verbose correctMkdir C:\Users\Виталий\AppData\Roaming\npm-cache correctMkdir not in flight; initializing
27 silly install normalizeTree
28 silly loadCurrentTree Finishing
29 silly loadIdealTree Starting
30 silly install loadIdealTree
31 silly cloneCurrentTree Starting
32 silly install cloneCurrentTreeToIdealTree
33 silly cloneCurrentTree Finishing
34 silly loadShrinkwrap Starting
35 silly install loadShrinkwrap
36 silly loadShrinkwrap Finishing
37 silly loadAllDepsIntoIdealTree Starting
38 silly install loadAllDepsIntoIdealTree
39 silly resolveWithNewModule winax@1.0.9 checking installable status
40 silly cache add args [ 'winax', null ]
41 verbose cache add spec winax
42 silly cache add parsed spec Result {
42 silly cache add   raw: 'winax',
42 silly cache add   scope: null,
42 silly cache add   escapedName: 'winax',
42 silly cache add   name: 'winax',
42 silly cache add   rawSpec: '',
42 silly cache add   spec: 'latest',
42 silly cache add   type: 'tag' }
43 silly addNamed winax@latest
44 verbose addNamed "latest" is being treated as a dist-tag for winax
45 info addNameTag [ 'winax', 'latest' ]
46 silly mapToRegistry name winax
47 silly mapToRegistry using default registry
48 silly mapToRegistry registry https://registry.npmjs.org/
49 silly mapToRegistry data Result {
49 silly mapToRegistry   raw: 'winax',
49 silly mapToRegistry   scope: null,
49 silly mapToRegistry   escapedName: 'winax',
49 silly mapToRegistry   name: 'winax',
49 silly mapToRegistry   rawSpec: '',
49 silly mapToRegistry   spec: 'latest',
49 silly mapToRegistry   type: 'tag' }
50 silly mapToRegistry uri https://registry.npmjs.org/winax
51 verbose addNameTag registry:https://registry.npmjs.org/winax not in flight; fetching
52 verbose get https://registry.npmjs.org/winax not expired, no request
53 silly addNameTag next cb for winax with tag latest
54 silly addNamed winax@1.0.9
55 verbose addNamed "1.0.9" is a plain semver version for winax
56 silly cache afterAdd winax@1.0.9
57 verbose afterAdd C:\Users\Виталий\AppData\Roaming\npm-cache\winax\1.0.9\package\package.json not in flight; writing
58 verbose correctMkdir C:\Users\Виталий\AppData\Roaming\npm-cache correctMkdir not in flight; initializing
59 verbose afterAdd C:\Users\Виталий\AppData\Roaming\npm-cache\winax\1.0.9\package\package.json written
60 silly fetchNamedPackageData webworker-threads
61 silly mapToRegistry name webworker-threads
62 silly mapToRegistry using default registry
63 silly mapToRegistry registry https://registry.npmjs.org/
64 silly mapToRegistry data Result {
64 silly mapToRegistry   raw: 'webworker-threads',
64 silly mapToRegistry   scope: null,
64 silly mapToRegistry   escapedName: 'webworker-threads',
64 silly mapToRegistry   name: 'webworker-threads',
64 silly mapToRegistry   rawSpec: '',
64 silly mapToRegistry   spec: 'latest',
64 silly mapToRegistry   type: 'tag' }
65 silly mapToRegistry uri https://registry.npmjs.org/webworker-threads
66 verbose request uri https://registry.npmjs.org/webworker-threads
67 verbose request no auth needed
68 info attempt registry request try #1 at 18:09:50
69 verbose etag "5a99b734-2178e"
70 verbose lastModified Fri, 2 Mar 2018 20:42:28 GMT
71 http request GET https://registry.npmjs.org/webworker-threads
72 http 304 https://registry.npmjs.org/webworker-threads
73 verbose headers { date: 'Fri, 20 Apr 2018 15:09:10 GMT',
73 verbose headers   via: '1.1 varnish',
73 verbose headers   'cache-control': 'max-age=300',
73 verbose headers   etag: '"5a99b734-2178e"',
73 verbose headers   age: '7197',
73 verbose headers   connection: 'keep-alive',
73 verbose headers   'x-served-by': 'cache-bma7030-BMA',
73 verbose headers   'x-cache': 'HIT',
73 verbose headers   'x-cache-hits': '1',
73 verbose headers   'x-timer': 'S1524236951.773979,VS0,VE1',
73 verbose headers   vary: 'Accept-Encoding, Accept' }
74 silly get cb [ 304,
74 silly get   { date: 'Fri, 20 Apr 2018 15:09:10 GMT',
74 silly get     via: '1.1 varnish',
74 silly get     'cache-control': 'max-age=300',
74 silly get     etag: '"5a99b734-2178e"',
74 silly get     age: '7197',
74 silly get     connection: 'keep-alive',
74 silly get     'x-served-by': 'cache-bma7030-BMA',
74 silly get     'x-cache': 'HIT',
74 silly get     'x-cache-hits': '1',
74 silly get     'x-timer': 'S1524236951.773979,VS0,VE1',
74 silly get     vary: 'Accept-Encoding, Accept' } ]
75 verbose etag https://registry.npmjs.org/webworker-threads from cache
76 verbose get saving webworker-threads to C:\Users\Виталий\AppData\Roaming\npm-cache\registry.npmjs.org\webworker-threads\.cache.json
77 verbose correctMkdir C:\Users\Виталий\AppData\Roaming\npm-cache correctMkdir not in flight; initializing
78 silly resolveWithNewModule webworker-threads@0.7.13 checking installable status
79 silly cache add args [ 'webworker-threads@^0.7.13', null ]
80 verbose cache add spec webworker-threads@^0.7.13
81 silly cache add parsed spec Result {
81 silly cache add   raw: 'webworker-threads@^0.7.13',
81 silly cache add   scope: null,
81 silly cache add   escapedName: 'webworker-threads',
81 silly cache add   name: 'webworker-threads',
81 silly cache add   rawSpec: '^0.7.13',
81 silly cache add   spec: '>=0.7.13 <0.8.0',
81 silly cache add   type: 'range' }
82 silly addNamed webworker-threads@>=0.7.13 <0.8.0
83 verbose addNamed ">=0.7.13 <0.8.0" is a valid semver range for webworker-threads
84 silly addNameRange { name: 'webworker-threads',
84 silly addNameRange   range: '>=0.7.13 <0.8.0',
84 silly addNameRange   hasData: false }
85 silly mapToRegistry name webworker-threads
86 silly mapToRegistry using default registry
87 silly mapToRegistry registry https://registry.npmjs.org/
88 silly mapToRegistry data Result {
88 silly mapToRegistry   raw: 'webworker-threads',
88 silly mapToRegistry   scope: null,
88 silly mapToRegistry   escapedName: 'webworker-threads',
88 silly mapToRegistry   name: 'webworker-threads',
88 silly mapToRegistry   rawSpec: '',
88 silly mapToRegistry   spec: 'latest',
88 silly mapToRegistry   type: 'tag' }
89 silly mapToRegistry uri https://registry.npmjs.org/webworker-threads
90 verbose addNameRange registry:https://registry.npmjs.org/webworker-threads not in flight; fetching
91 verbose get https://registry.npmjs.org/webworker-threads not expired, no request
92 silly addNameRange number 2 { name: 'webworker-threads',
92 silly addNameRange   range: '>=0.7.13 <0.8.0',
92 silly addNameRange   hasData: true }
93 silly addNameRange versions [ 'webworker-threads',
93 silly addNameRange   [ '0.3.0',
93 silly addNameRange     '0.3.1',
93 silly addNameRange     '0.3.2',
93 silly addNameRange     '0.4.0',
93 silly addNameRange     '0.4.1',
93 silly addNameRange     '0.4.2',
93 silly addNameRange     '0.4.3',
93 silly addNameRange     '0.4.4',
93 silly addNameRange     '0.4.5',
93 silly addNameRange     '0.4.6',
93 silly addNameRange     '0.4.7',
93 silly addNameRange     '0.4.8',
93 silly addNameRange     '0.4.9',
93 silly addNameRange     '0.4.10',
93 silly addNameRange     '0.4.11',
93 silly addNameRange     '0.4.12',
93 silly addNameRange     '0.4.13',
93 silly addNameRange     '0.5.1',
93 silly addNameRange     '0.5.2',
93 silly addNameRange     '0.5.3',
93 silly addNameRange     '0.5.5',
93 silly addNameRange     '0.5.6',
93 silly addNameRange     '0.5.7',
93 silly addNameRange     '0.6.0',
93 silly addNameRange     '0.6.1',
93 silly addNameRange     '0.6.2',
93 silly addNameRange     '0.6.3',
93 silly addNameRange     '0.7.0',
93 silly addNameRange     '0.7.1',
93 silly addNameRange     '0.6.4',
93 silly addNameRange     '0.7.2',
93 silly addNameRange     '0.7.3',
93 silly addNameRange     '0.7.4',
93 silly addNameRange     '0.7.5',
93 silly addNameRange     '0.7.7',
93 silly addNameRange     '0.7.8',
93 silly addNameRange     '0.7.9',
93 silly addNameRange     '0.7.10',
93 silly addNameRange     '0.7.11',
93 silly addNameRange     '0.7.12',
93 silly addNameRange     '0.7.13' ] ]
94 silly addNamed webworker-threads@0.7.13
95 verbose addNamed "0.7.13" is a plain semver version for webworker-threads
96 silly cache afterAdd webworker-threads@0.7.13
97 verbose afterAdd C:\Users\Виталий\AppData\Roaming\npm-cache\webworker-threads\0.7.13\package\package.json not in flight; writing
98 verbose correctMkdir C:\Users\Виталий\AppData\Roaming\npm-cache correctMkdir not in flight; initializing
99 verbose afterAdd C:\Users\Виталий\AppData\Roaming\npm-cache\webworker-threads\0.7.13\package\package.json written
100 silly fetchNamedPackageData bindings
101 silly mapToRegistry name bindings
102 silly mapToRegistry using default registry
103 silly mapToRegistry registry https://registry.npmjs.org/
104 silly mapToRegistry data Result {
104 silly mapToRegistry   raw: 'bindings',
104 silly mapToRegistry   scope: null,
104 silly mapToRegistry   escapedName: 'bindings',
104 silly mapToRegistry   name: 'bindings',
104 silly mapToRegistry   rawSpec: '',
104 silly mapToRegistry   spec: 'latest',
104 silly mapToRegistry   type: 'tag' }
105 silly mapToRegistry uri https://registry.npmjs.org/bindings
106 silly fetchNamedPackageData nan
107 silly mapToRegistry name nan
108 silly mapToRegistry using default registry
109 silly mapToRegistry registry https://registry.npmjs.org/
110 silly mapToRegistry data Result {
110 silly mapToRegistry   raw: 'nan',
110 silly mapToRegistry   scope: null,
110 silly mapToRegistry   escapedName: 'nan',
110 silly mapToRegistry   name: 'nan',
110 silly mapToRegistry   rawSpec: '',
110 silly mapToRegistry   spec: 'latest',
110 silly mapToRegistry   type: 'tag' }
111 silly mapToRegistry uri https://registry.npmjs.org/nan
112 verbose request uri https://registry.npmjs.org/bindings
113 verbose request no auth needed
114 info attempt registry request try #1 at 18:09:51
115 verbose etag "5a700cb7-4c53"
116 verbose lastModified Tue, 30 Jan 2018 6:12:07 GMT
117 http request GET https://registry.npmjs.org/bindings
118 verbose request uri https://registry.npmjs.org/nan
119 verbose request no auth needed
120 info attempt registry request try #1 at 18:09:51
121 verbose etag "5aabecc7-229f2"
122 verbose lastModified Fri, 16 Mar 2018 16:11:51 GMT
123 http request GET https://registry.npmjs.org/nan
124 http 304 https://registry.npmjs.org/bindings
125 verbose headers { date: 'Fri, 20 Apr 2018 15:09:11 GMT',
125 verbose headers   via: '1.1 varnish',
125 verbose headers   'cache-control': 'max-age=300',
125 verbose headers   etag: '"5a700cb7-4c53"',
125 verbose headers   age: '11788',
125 verbose headers   connection: 'keep-alive',
125 verbose headers   'x-served-by': 'cache-bma7030-BMA',
125 verbose headers   'x-cache': 'HIT',
125 verbose headers   'x-cache-hits': '19',
125 verbose headers   'x-timer': 'S1524236951.133848,VS0,VE0',
125 verbose headers   vary: 'Accept-Encoding, Accept' }
126 silly get cb [ 304,
126 silly get   { date: 'Fri, 20 Apr 2018 15:09:11 GMT',
126 silly get     via: '1.1 varnish',
126 silly get     'cache-control': 'max-age=300',
126 silly get     etag: '"5a700cb7-4c53"',
126 silly get     age: '11788',
126 silly get     connection: 'keep-alive',
126 silly get     'x-served-by': 'cache-bma7030-BMA',
126 silly get     'x-cache': 'HIT',
126 silly get     'x-cache-hits': '19',
126 silly get     'x-timer': 'S1524236951.133848,VS0,VE0',
126 silly get     vary: 'Accept-Encoding, Accept' } ]
127 verbose etag https://registry.npmjs.org/bindings from cache
128 verbose get saving bindings to C:\Users\Виталий\AppData\Roaming\npm-cache\registry.npmjs.org\bindings\.cache.json
129 verbose correctMkdir C:\Users\Виталий\AppData\Roaming\npm-cache correctMkdir not in flight; initializing
130 silly resolveWithNewModule bindings@1.3.0 checking installable status
131 silly cache add args [ 'bindings@^1.2.1', null ]
132 verbose cache add spec bindings@^1.2.1
133 silly cache add parsed spec Result {
133 silly cache add   raw: 'bindings@^1.2.1',
133 silly cache add   scope: null,
133 silly cache add   escapedName: 'bindings',
133 silly cache add   name: 'bindings',
133 silly cache add   rawSpec: '^1.2.1',
133 silly cache add   spec: '>=1.2.1 <2.0.0',
133 silly cache add   type: 'range' }
134 silly addNamed bindings@>=1.2.1 <2.0.0
135 verbose addNamed ">=1.2.1 <2.0.0" is a valid semver range for bindings
136 silly addNameRange { name: 'bindings', range: '>=1.2.1 <2.0.0', hasData: false }
137 silly mapToRegistry name bindings
138 silly mapToRegistry using default registry
139 silly mapToRegistry registry https://registry.npmjs.org/
140 silly mapToRegistry data Result {
140 silly mapToRegistry   raw: 'bindings',
140 silly mapToRegistry   scope: null,
140 silly mapToRegistry   escapedName: 'bindings',
140 silly mapToRegistry   name: 'bindings',
140 silly mapToRegistry   rawSpec: '',
140 silly mapToRegistry   spec: 'latest',
140 silly mapToRegistry   type: 'tag' }
141 silly mapToRegistry uri https://registry.npmjs.org/bindings
142 verbose addNameRange registry:https://registry.npmjs.org/bindings not in flight; fetching
143 verbose get https://registry.npmjs.org/bindings not expired, no request
144 silly addNameRange number 2 { name: 'bindings', range: '>=1.2.1 <2.0.0', hasData: true }
145 silly addNameRange versions [ 'bindings',
145 silly addNameRange   [ '0.0.1',
145 silly addNameRange     '0.1.0',
145 silly addNameRange     '0.1.1',
145 silly addNameRange     '0.2.0',
145 silly addNameRange     '0.2.1',
145 silly addNameRange     '0.2.2',
145 silly addNameRange     '0.2.3',
145 silly addNameRange     '0.2.4',
145 silly addNameRange     '0.3.0',
145 silly addNameRange     '0.4.0',
145 silly addNameRange     '1.0.0',
145 silly addNameRange     '1.1.0',
145 silly addNameRange     '1.1.1',
145 silly addNameRange     '1.2.0',
145 silly addNameRange     '1.2.1',
145 silly addNameRange     '1.3.0' ] ]
146 silly addNamed bindings@1.3.0
147 verbose addNamed "1.3.0" is a plain semver version for bindings
148 silly cache afterAdd bindings@1.3.0
149 verbose afterAdd C:\Users\Виталий\AppData\Roaming\npm-cache\bindings\1.3.0\package\package.json not in flight; writing
150 verbose correctMkdir C:\Users\Виталий\AppData\Roaming\npm-cache correctMkdir not in flight; initializing
151 verbose afterAdd C:\Users\Виталий\AppData\Roaming\npm-cache\bindings\1.3.0\package\package.json written
152 http 304 https://registry.npmjs.org/nan
153 verbose headers { date: 'Fri, 20 Apr 2018 15:09:11 GMT',
153 verbose headers   via: '1.1 varnish',
153 verbose headers   'cache-control': 'max-age=300',
153 verbose headers   etag: '"5aabecc7-229f2"',
153 verbose headers   age: '2335',
153 verbose headers   connection: 'keep-alive',
153 verbose headers   'x-served-by': 'cache-bma7028-BMA',
153 verbose headers   'x-cache': 'HIT',
153 verbose headers   'x-cache-hits': '21',
153 verbose headers   'x-timer': 'S1524236951.268127,VS0,VE0',
153 verbose headers   vary: 'Accept-Encoding, Accept' }
154 silly get cb [ 304,
154 silly get   { date: 'Fri, 20 Apr 2018 15:09:11 GMT',
154 silly get     via: '1.1 varnish',
154 silly get     'cache-control': 'max-age=300',
154 silly get     etag: '"5aabecc7-229f2"',
154 silly get     age: '2335',
154 silly get     connection: 'keep-alive',
154 silly get     'x-served-by': 'cache-bma7028-BMA',
154 silly get     'x-cache': 'HIT',
154 silly get     'x-cache-hits': '21',
154 silly get     'x-timer': 'S1524236951.268127,VS0,VE0',
154 silly get     vary: 'Accept-Encoding, Accept' } ]
155 verbose etag https://registry.npmjs.org/nan from cache
156 verbose get saving nan to C:\Users\Виталий\AppData\Roaming\npm-cache\registry.npmjs.org\nan\.cache.json
157 verbose correctMkdir C:\Users\Виталий\AppData\Roaming\npm-cache correctMkdir not in flight; initializing
158 silly resolveWithNewModule nan@2.10.0 checking installable status
159 silly cache add args [ 'nan@^2.4.0', null ]
160 verbose cache add spec nan@^2.4.0
161 silly cache add parsed spec Result {
161 silly cache add   raw: 'nan@^2.4.0',
161 silly cache add   scope: null,
161 silly cache add   escapedName: 'nan',
161 silly cache add   name: 'nan',
161 silly cache add   rawSpec: '^2.4.0',
161 silly cache add   spec: '>=2.4.0 <3.0.0',
161 silly cache add   type: 'range' }
162 silly addNamed nan@>=2.4.0 <3.0.0
163 verbose addNamed ">=2.4.0 <3.0.0" is a valid semver range for nan
164 silly addNameRange { name: 'nan', range: '>=2.4.0 <3.0.0', hasData: false }
165 silly mapToRegistry name nan
166 silly mapToRegistry using default registry
167 silly mapToRegistry registry https://registry.npmjs.org/
168 silly mapToRegistry data Result {
168 silly mapToRegistry   raw: 'nan',
168 silly mapToRegistry   scope: null,
168 silly mapToRegistry   escapedName: 'nan',
168 silly mapToRegistry   name: 'nan',
168 silly mapToRegistry   rawSpec: '',
168 silly mapToRegistry   spec: 'latest',
168 silly mapToRegistry   type: 'tag' }
169 silly mapToRegistry uri https://registry.npmjs.org/nan
170 verbose addNameRange registry:https://registry.npmjs.org/nan not in flight; fetching
171 verbose get https://registry.npmjs.org/nan not expired, no request
172 silly addNameRange number 2 { name: 'nan', range: '>=2.4.0 <3.0.0', hasData: true }
173 silly addNameRange versions [ 'nan',
173 silly addNameRange   [ '0.3.0-wip',
173 silly addNameRange     '0.3.0-wip2',
173 silly addNameRange     '0.3.0',
173 silly addNameRange     '0.3.1',
173 silly addNameRange     '0.3.2',
173 silly addNameRange     '0.4.0',
173 silly addNameRange     '0.4.1',
173 silly addNameRange     '0.4.2',
173 silly addNameRange     '0.4.3',
173 silly addNameRange     '0.4.4',
173 silly addNameRange     '0.5.0',
173 silly addNameRange     '0.5.1',
173 silly addNameRange     '0.5.2',
173 silly addNameRange     '0.6.0',
173 silly addNameRange     '0.7.0',
173 silly addNameRange     '0.7.1',
173 silly addNameRange     '0.8.0',
173 silly addNameRange     '1.0.0',
173 silly addNameRange     '1.1.0',
173 silly addNameRange     '1.1.1',
173 silly addNameRange     '1.1.2',
173 silly addNameRange     '1.2.0',
173 silly addNameRange     '1.3.0',
173 silly addNameRange     '1.4.0',
173 silly addNameRange     '1.4.1',
173 silly addNameRange     '1.5.0',
173 silly addNameRange     '1.4.2',
173 silly addNameRange     '1.4.3',
173 silly addNameRange     '1.5.1',
173 silly addNameRange     '1.5.2',
173 silly addNameRange     '1.6.0',
173 silly addNameRange     '1.5.3',
173 silly addNameRange     '1.6.1',
173 silly addNameRange     '1.6.2',
173 silly addNameRange     '1.7.0',
173 silly addNameRange     '1.8.0',
173 silly addNameRange     '1.8.1',
173 silly addNameRange     '1.8.2',
173 silly addNameRange     '1.8.3',
173 silly addNameRange     '1.8.4',
173 silly addNameRange     '1.9.0',
173 silly addNameRange     '2.0.0',
173 silly addNameRange     '2.0.1',
173 silly addNameRange     '2.0.2',
173 silly addNameRange     '2.0.3',
173 silly addNameRange     '2.0.4',
173 silly addNameRange     '2.0.5',
173 silly addNameRange     '2.0.6',
173 silly addNameRange     '2.0.7',
173 silly addNameRange     '2.0.8',
173 silly addNameRange     '2.0.9',
173 silly addNameRange     '2.1.0',
173 silly addNameRange     '2.2.0',
173 silly addNameRange     '2.2.1',
173 silly addNameRange     '2.3.0',
173 silly addNameRange     '2.3.1',
173 silly addNameRange     '2.3.2',
173 silly addNameRange     '2.3.3',
173 silly addNameRange     '2.3.4',
173 silly addNameRange     '2.3.5',
173 silly addNameRange     '2.4.0',
173 silly addNameRange     '2.5.0',
173 silly addNameRange     '2.5.1',
173 silly addNameRange     '2.6.0',
173 silly addNameRange     '2.6.1',
173 silly addNameRange     '2.6.2',
173 silly addNameRange     '2.7.0',
173 silly addNameRange     '2.8.0',
173 silly addNameRange     '2.9.1',
173 silly addNameRange     '2.9.2',
173 silly addNameRange     '2.10.0' ] ]
174 silly addNamed nan@2.10.0
175 verbose addNamed "2.10.0" is a plain semver version for nan
176 silly cache afterAdd nan@2.10.0
177 verbose afterAdd C:\Users\Виталий\AppData\Roaming\npm-cache\nan\2.10.0\package\package.json not in flight; writing
178 verbose correctMkdir C:\Users\Виталий\AppData\Roaming\npm-cache correctMkdir not in flight; initializing
179 verbose afterAdd C:\Users\Виталий\AppData\Roaming\npm-cache\nan\2.10.0\package\package.json written
180 silly loadAllDepsIntoIdealTree Finishing
181 silly loadIdealTree Finishing
182 silly currentTree defects@1.0.0
182 silly currentTree +-- angular@1.6.9
182 silly currentTree +-- jquery@3.3.1
182 silly currentTree `-- xml-parse-from-string@1.0.1
183 silly idealTree defects@1.0.0
183 silly idealTree +-- angular@1.6.9
183 silly idealTree +-- bindings@1.3.0
183 silly idealTree +-- jquery@3.3.1
183 silly idealTree +-- nan@2.10.0
183 silly idealTree +-- webworker-threads@0.7.13
183 silly idealTree +-- winax@1.0.9
183 silly idealTree `-- xml-parse-from-string@1.0.1
184 silly generateActionsToTake Starting
185 silly install generateActionsToTake
186 silly generateActionsToTake Finishing
187 silly diffTrees action count 4
188 silly diffTrees add bindings@1.3.0
189 silly diffTrees add nan@2.10.0
190 silly diffTrees add webworker-threads@0.7.13
191 silly diffTrees add winax@1.0.9
192 silly decomposeActions action count 32
193 silly decomposeActions fetch bindings@1.3.0
194 silly decomposeActions extract bindings@1.3.0
195 silly decomposeActions test bindings@1.3.0
196 silly decomposeActions preinstall bindings@1.3.0
197 silly decomposeActions build bindings@1.3.0
198 silly decomposeActions install bindings@1.3.0
199 silly decomposeActions postinstall bindings@1.3.0
200 silly decomposeActions finalize bindings@1.3.0
201 silly decomposeActions fetch nan@2.10.0
202 silly decomposeActions extract nan@2.10.0
203 silly decomposeActions test nan@2.10.0
204 silly decomposeActions preinstall nan@2.10.0
205 silly decomposeActions build nan@2.10.0
206 silly decomposeActions install nan@2.10.0
207 silly decomposeActions postinstall nan@2.10.0
208 silly decomposeActions finalize nan@2.10.0
209 silly decomposeActions fetch webworker-threads@0.7.13
210 silly decomposeActions extract webworker-threads@0.7.13
211 silly decomposeActions test webworker-threads@0.7.13
212 silly decomposeActions preinstall webworker-threads@0.7.13
213 silly decomposeActions build webworker-threads@0.7.13
214 silly decomposeActions install webworker-threads@0.7.13
215 silly decomposeActions postinstall webworker-threads@0.7.13
216 silly decomposeActions finalize webworker-threads@0.7.13
217 silly decomposeActions fetch winax@1.0.9
218 silly decomposeActions extract winax@1.0.9
219 silly decomposeActions test winax@1.0.9
220 silly decomposeActions preinstall winax@1.0.9
221 silly decomposeActions build winax@1.0.9
222 silly decomposeActions install winax@1.0.9
223 silly decomposeActions postinstall winax@1.0.9
224 silly decomposeActions finalize winax@1.0.9
225 silly runTopLevelLifecycles Starting
226 silly executeActions Starting
227 silly install executeActions
228 silly doSerial global-install 0
229 silly doParallel fetch 4
230 verbose correctMkdir C:\Users\Виталий\AppData\Roaming\npm-cache\_locks correctMkdir not in flight; initializing
231 verbose lock using C:\Users\Виталий\AppData\Roaming\npm-cache\_locks\staging-0cbcee752bf84745.lock for c:\Projects\JavaScript\defects\node_modules\.staging
232 silly doParallel extract 4
233 silly extract bindings@1.3.0
234 silly extract nan@2.10.0
235 silly extract webworker-threads@0.7.13
236 silly extract winax@1.0.9
237 verbose unbuild node_modules\.staging\bindings-4eae0076
238 verbose unbuild node_modules\.staging\nan-08f34c29
239 verbose unbuild node_modules\.staging\webworker-threads-79d6168d
240 verbose unbuild node_modules\.staging\winax-43572a9c
241 silly gentlyRm c:\Projects\JavaScript\defects\node_modules\.staging\bindings-4eae0076 is being purged from base c:\Projects\JavaScript\defects
242 verbose gentlyRm don't care about contents; nuking c:\Projects\JavaScript\defects\node_modules\.staging\bindings-4eae0076
243 silly gentlyRm c:\Projects\JavaScript\defects\node_modules\.staging\nan-08f34c29 is being purged from base c:\Projects\JavaScript\defects
244 verbose gentlyRm don't care about contents; nuking c:\Projects\JavaScript\defects\node_modules\.staging\nan-08f34c29
245 silly gentlyRm c:\Projects\JavaScript\defects\node_modules\.staging\webworker-threads-79d6168d is being purged from base c:\Projects\JavaScript\defects
246 verbose gentlyRm don't care about contents; nuking c:\Projects\JavaScript\defects\node_modules\.staging\webworker-threads-79d6168d
247 silly gentlyRm c:\Projects\JavaScript\defects\node_modules\.staging\winax-43572a9c is being purged from base c:\Projects\JavaScript\defects
248 verbose gentlyRm don't care about contents; nuking c:\Projects\JavaScript\defects\node_modules\.staging\winax-43572a9c
249 verbose tar unpack C:\Users\Виталий\AppData\Roaming\npm-cache\bindings\1.3.0\package.tgz
250 verbose tar unpacking to c:\Projects\JavaScript\defects\node_modules\.staging\bindings-4eae0076
251 silly gentlyRm c:\Projects\JavaScript\defects\node_modules\.staging\bindings-4eae0076 is being purged
252 verbose gentlyRm don't care about contents; nuking c:\Projects\JavaScript\defects\node_modules\.staging\bindings-4eae0076
253 verbose tar unpack C:\Users\Виталий\AppData\Roaming\npm-cache\nan\2.10.0\package.tgz
254 verbose tar unpacking to c:\Projects\JavaScript\defects\node_modules\.staging\nan-08f34c29
255 silly gentlyRm c:\Projects\JavaScript\defects\node_modules\.staging\nan-08f34c29 is being purged
256 verbose gentlyRm don't care about contents; nuking c:\Projects\JavaScript\defects\node_modules\.staging\nan-08f34c29
257 verbose tar unpack C:\Users\Виталий\AppData\Roaming\npm-cache\webworker-threads\0.7.13\package.tgz
258 verbose tar unpacking to c:\Projects\JavaScript\defects\node_modules\.staging\webworker-threads-79d6168d
259 silly gentlyRm c:\Projects\JavaScript\defects\node_modules\.staging\webworker-threads-79d6168d is being purged
260 verbose gentlyRm don't care about contents; nuking c:\Projects\JavaScript\defects\node_modules\.staging\webworker-threads-79d6168d
261 verbose tar unpack C:\Users\Виталий\AppData\Roaming\npm-cache\winax\1.0.9\package.tgz
262 verbose tar unpacking to c:\Projects\JavaScript\defects\node_modules\.staging\winax-43572a9c
263 silly gentlyRm c:\Projects\JavaScript\defects\node_modules\.staging\winax-43572a9c is being purged
264 verbose gentlyRm don't care about contents; nuking c:\Projects\JavaScript\defects\node_modules\.staging\winax-43572a9c
265 silly gunzTarPerm modes [ '777', '666' ]
266 silly gunzTarPerm modes [ '777', '666' ]
267 silly gunzTarPerm modes [ '777', '666' ]
268 silly gunzTarPerm modes [ '777', '666' ]
269 silly gunzTarPerm extractEntry package.json
270 silly gunzTarPerm modified mode [ 'package.json', 436, 438 ]
271 silly gunzTarPerm extractEntry package.json
272 silly gunzTarPerm modified mode [ 'package.json', 436, 438 ]
273 silly gunzTarPerm extractEntry package.json
274 silly gunzTarPerm modified mode [ 'package.json', 420, 438 ]
275 silly gunzTarPerm extractEntry package.json
276 silly gunzTarPerm extractEntry CHANGELOG.md
277 silly gunzTarPerm modified mode [ 'CHANGELOG.md', 436, 438 ]
278 silly gunzTarPerm extractEntry include_dirs.js
279 silly gunzTarPerm modified mode [ 'include_dirs.js', 436, 438 ]
280 silly gunzTarPerm extractEntry .npmignore
281 silly gunzTarPerm modified mode [ '.npmignore', 420, 438 ]
282 silly gunzTarPerm extractEntry README.md
283 silly gunzTarPerm modified mode [ 'README.md', 436, 438 ]
284 silly gunzTarPerm extractEntry README.md
285 silly gunzTarPerm modified mode [ 'README.md', 420, 438 ]
286 silly gunzTarPerm extractEntry bindings.js
287 silly gunzTarPerm modified mode [ 'bindings.js', 420, 438 ]
288 silly gunzTarPerm extractEntry activex.js
289 silly gunzTarPerm extractEntry binding.gyp
290 silly gunzTarPerm extractEntry LICENSE.md
291 silly gunzTarPerm modified mode [ 'LICENSE.md', 436, 438 ]
292 silly gunzTarPerm extractEntry nan_callbacks_12_inl.h
293 silly gunzTarPerm modified mode [ 'nan_callbacks_12_inl.h', 436, 438 ]
294 silly gunzTarPerm extractEntry nan_callbacks_pre_12_inl.h
295 silly gunzTarPerm modified mode [ 'nan_callbacks_pre_12_inl.h', 436, 438 ]
296 silly gunzTarPerm extractEntry LICENSE
297 silly gunzTarPerm modified mode [ 'LICENSE', 420, 438 ]
298 silly gunzTarPerm extractEntry index.js
299 silly gunzTarPerm extractEntry README.md
300 silly gunzTarPerm extractEntry nan_callbacks.h
301 silly gunzTarPerm modified mode [ 'nan_callbacks.h', 436, 438 ]
302 silly gunzTarPerm extractEntry index.js
303 silly gunzTarPerm modified mode [ 'index.js', 420, 438 ]
304 silly gunzTarPerm extractEntry test.js
305 silly gunzTarPerm modified mode [ 'test.js', 420, 438 ]
306 silly gunzTarPerm extractEntry test-import-script.js
307 silly gunzTarPerm modified mode [ 'test-import-script.js', 436, 438 ]
308 silly gunzTarPerm extractEntry data/test.xltm
309 silly gunzTarPerm extractEntry examples/ado.js
310 silly gunzTarPerm extractEntry examples/wbem.js
311 silly gunzTarPerm extractEntry src/disp.cpp
312 silly gunzTarPerm extractEntry src/disp.h
313 silly gunzTarPerm extractEntry src/main.cpp
314 silly gunzTarPerm extractEntry src/stdafx.h
315 silly gunzTarPerm extractEntry src/utils.cpp
316 silly gunzTarPerm extractEntry src/utils.h
317 silly gunzTarPerm extractEntry test/ado.js
318 silly gunzTarPerm extractEntry test/excel.js
319 silly gunzTarPerm extractEntry test/variant.js
320 silly gunzTarPerm extractEntry test-package.js
321 silly gunzTarPerm modified mode [ 'test-package.js', 436, 438 ]
322 silly gunzTarPerm extractEntry nan_converters_43_inl.h
323 silly gunzTarPerm modified mode [ 'nan_converters_43_inl.h', 436, 438 ]
324 silly gunzTarPerm extractEntry nan_converters_pre_43_inl.h
325 silly gunzTarPerm modified mode [ 'nan_converters_pre_43_inl.h', 436, 438 ]
326 silly gunzTarPerm extractEntry nan_converters.h
327 silly gunzTarPerm modified mode [ 'nan_converters.h', 436, 438 ]
328 silly gunzTarPerm extractEntry nan_define_own_property_helper.h
329 silly gunzTarPerm modified mode [ 'nan_define_own_property_helper.h', 436, 438 ]
330 silly gunzTarPerm extractEntry deps/minifier/bin/.keep
331 silly gunzTarPerm modified mode [ 'deps/minifier/bin/.keep', 436, 438 ]
332 silly gunzTarPerm extractEntry deps/minifier/src/minify.c
333 silly gunzTarPerm modified mode [ 'deps/minifier/src/minify.c', 420, 438 ]
334 silly gunzTarPerm extractEntry nan_implementation_12_inl.h
335 silly gunzTarPerm modified mode [ 'nan_implementation_12_inl.h', 436, 438 ]
336 silly gunzTarPerm extractEntry nan_implementation_pre_12_inl.h
337 silly gunzTarPerm modified mode [ 'nan_implementation_pre_12_inl.h', 436, 438 ]
338 silly gunzTarPerm extractEntry nan_json.h
339 silly gunzTarPerm modified mode [ 'nan_json.h', 436, 438 ]
340 silly gunzTarPerm extractEntry deps/minifier/src/test
341 silly gunzTarPerm modified mode [ 'deps/minifier/src/test', 493, 511 ]
342 silly gunzTarPerm extractEntry deps/minifier/src/test.include.c
343 silly gunzTarPerm modified mode [ 'deps/minifier/src/test.include.c', 420, 438 ]
344 silly gunzTarPerm extractEntry nan_maybe_43_inl.h
345 silly gunzTarPerm modified mode [ 'nan_maybe_43_inl.h', 436, 438 ]
346 silly gentlyRm c:\Projects\JavaScript\defects\node_modules\.staging\bindings-4eae0076\node_modules is being purged
347 verbose gentlyRm don't care about contents; nuking c:\Projects\JavaScript\defects\node_modules\.staging\bindings-4eae0076\node_modules
348 silly gunzTarPerm extractEntry deps/minifier/src/test_minifier.c
349 silly gunzTarPerm modified mode [ 'deps/minifier/src/test_minifier.c', 420, 438 ]
350 silly gunzTarPerm extractEntry benchmark/b00_fibonacci_server_no_threads.js
351 silly gunzTarPerm modified mode [ 'benchmark/b00_fibonacci_server_no_threads.js', 420, 438 ]
352 silly gunzTarPerm extractEntry nan_maybe_pre_43_inl.h
353 silly gunzTarPerm modified mode [ 'nan_maybe_pre_43_inl.h', 436, 438 ]
354 silly gunzTarPerm extractEntry nan_new.h
355 silly gunzTarPerm modified mode [ 'nan_new.h', 436, 438 ]
356 silly gunzTarPerm extractEntry nan_object_wrap.h
357 silly gunzTarPerm modified mode [ 'nan_object_wrap.h', 436, 438 ]
358 silly gunzTarPerm extractEntry benchmark/b01_fibonacci_server_threads.js
359 silly gunzTarPerm modified mode [ 'benchmark/b01_fibonacci_server_threads.js', 420, 438 ]
360 silly gunzTarPerm extractEntry benchmark/b02_fibonacci_server_threads_pool.js
361 silly gunzTarPerm modified mode [ 'benchmark/b02_fibonacci_server_threads_pool.js', 420, 438 ]
362 silly gunzTarPerm extractEntry nan_persistent_12_inl.h
363 silly gunzTarPerm modified mode [ 'nan_persistent_12_inl.h', 436, 438 ]
364 silly gunzTarPerm extractEntry nan_persistent_pre_12_inl.h
365 silly gunzTarPerm modified mode [ 'nan_persistent_pre_12_inl.h', 436, 438 ]
366 silly gunzTarPerm extractEntry benchmark/b03_fibonacci_server_clustered.js
367 silly gunzTarPerm modified mode [ 'benchmark/b03_fibonacci_server_clustered.js', 420, 438 ]
368 silly gunzTarPerm extractEntry benchmark/b04_only_quick.js
369 silly gunzTarPerm modified mode [ 'benchmark/b04_only_quick.js', 420, 438 ]
370 silly gunzTarPerm extractEntry nan_private.h
371 silly gunzTarPerm modified mode [ 'nan_private.h', 436, 438 ]
372 silly gunzTarPerm extractEntry nan_string_bytes.h
373 silly gunzTarPerm modified mode [ 'nan_string_bytes.h', 436, 438 ]
374 silly gunzTarPerm extractEntry benchmark/pi.js
375 silly gunzTarPerm modified mode [ 'benchmark/pi.js', 493, 511 ]
376 silly gunzTarPerm extractEntry benchmark/pi_precompiled.js
377 silly gunzTarPerm modified mode [ 'benchmark/pi_precompiled.js', 420, 438 ]
378 silly gunzTarPerm extractEntry nan_typedarray_contents.h
379 silly gunzTarPerm modified mode [ 'nan_typedarray_contents.h', 436, 438 ]
380 silly gunzTarPerm extractEntry nan_weak.h
381 silly gunzTarPerm modified mode [ 'nan_weak.h', 436, 438 ]
382 silly gunzTarPerm extractEntry nan.h
383 silly gunzTarPerm modified mode [ 'nan.h', 436, 438 ]
384 silly gunzTarPerm extractEntry benchmark/doubles.c
385 silly gunzTarPerm modified mode [ 'benchmark/doubles.c', 420, 438 ]
386 silly gunzTarPerm extractEntry benchmark/pi.c
387 silly gunzTarPerm modified mode [ 'benchmark/pi.c', 420, 438 ]
388 silly gunzTarPerm extractEntry README.md
389 silly gunzTarPerm modified mode [ 'README.md', 436, 438 ]
390 silly gunzTarPerm extractEntry doc/asyncworker.md
391 silly gunzTarPerm modified mode [ 'doc/asyncworker.md', 436, 438 ]
392 silly gunzTarPerm extractEntry benchmark/pi.rb
393 silly gunzTarPerm modified mode [ 'benchmark/pi.rb', 493, 511 ]
394 silly gunzTarPerm extractEntry binding.gyp
395 silly gunzTarPerm modified mode [ 'binding.gyp', 436, 438 ]
396 silly gunzTarPerm extractEntry doc/buffers.md
397 silly gunzTarPerm modified mode [ 'doc/buffers.md', 436, 438 ]
398 silly gunzTarPerm extractEntry doc/callback.md
399 silly gunzTarPerm modified mode [ 'doc/callback.md', 436, 438 ]
400 silly gunzTarPerm extractEntry examples/demo.js
401 silly gunzTarPerm modified mode [ 'examples/demo.js', 420, 438 ]
402 silly gunzTarPerm extractEntry examples/ex03_ping_pong.js
403 silly gunzTarPerm modified mode [ 'examples/ex03_ping_pong.js', 420, 438 ]
404 silly gunzTarPerm extractEntry doc/converters.md
405 silly gunzTarPerm modified mode [ 'doc/converters.md', 436, 438 ]
406 silly gunzTarPerm extractEntry doc/errors.md
407 silly gunzTarPerm modified mode [ 'doc/errors.md', 436, 438 ]
408 silly gunzTarPerm extractEntry examples/quickIntro_multiThread.js
409 silly gunzTarPerm modified mode [ 'examples/quickIntro_multiThread.js', 420, 438 ]
410 silly gunzTarPerm extractEntry examples/ex04_main.js
411 silly gunzTarPerm modified mode [ 'examples/ex04_main.js', 420, 438 ]
412 silly gunzTarPerm extractEntry examples/quickIntro_multiThreadEvented.js
413 silly gunzTarPerm modified mode [ 'examples/quickIntro_multiThreadEvented.js', 420, 438 ]
414 silly gunzTarPerm extractEntry examples/ex04_worker.js
415 silly gunzTarPerm modified mode [ 'examples/ex04_worker.js', 420, 438 ]
416 silly gunzTarPerm extractEntry doc/json.md
417 silly gunzTarPerm modified mode [ 'doc/json.md', 436, 438 ]
418 silly gunzTarPerm extractEntry doc/maybe_types.md
419 silly gunzTarPerm modified mode [ 'doc/maybe_types.md', 436, 438 ]
420 silly gunzTarPerm extractEntry examples/quickIntro_fiveThreads.js
421 silly gunzTarPerm modified mode [ 'examples/quickIntro_fiveThreads.js', 420, 438 ]
422 silly gunzTarPerm extractEntry examples/ex05_pool.js
423 silly gunzTarPerm modified mode [ 'examples/ex05_pool.js', 420, 438 ]
424 silly gunzTarPerm extractEntry doc/methods.md
425 silly gunzTarPerm modified mode [ 'doc/methods.md', 436, 438 ]
426 silly gunzTarPerm extractEntry doc/new.md
427 silly gunzTarPerm modified mode [ 'doc/new.md', 436, 438 ]
428 silly gunzTarPerm extractEntry doc/node_misc.md
429 silly gunzTarPerm modified mode [ 'doc/node_misc.md', 436, 438 ]
430 silly gunzTarPerm extractEntry doc/object_wrappers.md
431 silly gunzTarPerm modified mode [ 'doc/object_wrappers.md', 436, 438 ]
432 silly gunzTarPerm extractEntry examples/quickIntro_evented_childThreadCode.js
433 silly gunzTarPerm modified mode [ 'examples/quickIntro_evented_childThreadCode.js', 420, 438 ]
434 silly gunzTarPerm extractEntry examples/ex01_basic.js
435 silly gunzTarPerm modified mode [ 'examples/ex01_basic.js', 420, 438 ]
436 silly gunzTarPerm extractEntry doc/persistent.md
437 silly gunzTarPerm modified mode [ 'doc/persistent.md', 436, 438 ]
438 silly gunzTarPerm extractEntry doc/scopes.md
439 silly gunzTarPerm modified mode [ 'doc/scopes.md', 436, 438 ]
440 silly gunzTarPerm extractEntry doc/script.md
441 silly gunzTarPerm modified mode [ 'doc/script.md', 436, 438 ]
442 silly gunzTarPerm extractEntry doc/string_bytes.md
443 silly gunzTarPerm modified mode [ 'doc/string_bytes.md', 436, 438 ]
444 silly gunzTarPerm extractEntry doc/v8_internals.md
445 silly gunzTarPerm modified mode [ 'doc/v8_internals.md', 436, 438 ]
446 silly gunzTarPerm extractEntry doc/v8_misc.md
447 silly gunzTarPerm modified mode [ 'doc/v8_misc.md', 436, 438 ]
448 silly gunzTarPerm extractEntry tools/1to2.js
449 silly gunzTarPerm modified mode [ 'tools/1to2.js', 509, 511 ]
450 silly gunzTarPerm extractEntry tools/package.json
451 silly gunzTarPerm modified mode [ 'tools/package.json', 436, 438 ]
452 silly gunzTarPerm extractEntry tools/README.md
453 silly gunzTarPerm modified mode [ 'tools/README.md', 436, 438 ]
454 silly gunzTarPerm extractEntry examples/ex02_events.js
455 silly gunzTarPerm modified mode [ 'examples/ex02_events.js', 420, 438 ]
456 silly gunzTarPerm extractEntry examples/ex06_jason.js
457 silly gunzTarPerm modified mode [ 'examples/ex06_jason.js', 420, 438 ]
458 silly gunzTarPerm extractEntry examples/quickIntro_oneThread.js
459 silly gunzTarPerm modified mode [ 'examples/quickIntro_oneThread.js', 420, 438 ]
460 silly gunzTarPerm extractEntry examples/quickIntro_blocking.js
461 silly gunzTarPerm modified mode [ 'examples/quickIntro_blocking.js', 420, 438 ]
462 silly gunzTarPerm extractEntry examples/quickIntro_loop.js
463 silly gunzTarPerm modified mode [ 'examples/quickIntro_loop.js', 420, 438 ]
464 silly gunzTarPerm extractEntry examples/quickIntro_oneThreadEvented.js
465 silly gunzTarPerm modified mode [ 'examples/quickIntro_oneThreadEvented.js', 420, 438 ]
466 silly gentlyRm c:\Projects\JavaScript\defects\node_modules\.staging\winax-43572a9c\node_modules is being purged
467 verbose gentlyRm don't care about contents; nuking c:\Projects\JavaScript\defects\node_modules\.staging\winax-43572a9c\node_modules
468 silly gunzTarPerm extractEntry examples/ex06_complex.js
469 silly gunzTarPerm modified mode [ 'examples/ex06_complex.js', 420, 438 ]
470 silly gunzTarPerm extractEntry examples/fiveThreads.ls
471 silly gunzTarPerm modified mode [ 'examples/fiveThreads.ls', 493, 511 ]
472 silly gunzTarPerm extractEntry examples/multiThreadEvented.ls
473 silly gunzTarPerm modified mode [ 'examples/multiThreadEvented.ls', 493, 511 ]
474 silly gunzTarPerm extractEntry examples/ex06_jason.md
475 silly gunzTarPerm modified mode [ 'examples/ex06_jason.md', 420, 438 ]
476 silly gunzTarPerm extractEntry examples/ex05_pool.md
477 silly gunzTarPerm modified mode [ 'examples/ex05_pool.md', 420, 438 ]
478 silly gunzTarPerm extractEntry examples/ex04_worker.md
479 silly gunzTarPerm modified mode [ 'examples/ex04_worker.md', 420, 438 ]
480 silly gunzTarPerm extractEntry examples/ex04_main.md
481 silly gunzTarPerm modified mode [ 'examples/ex04_main.md', 420, 438 ]
482 silly gunzTarPerm extractEntry examples/ex03_ping_pong.md
483 silly gunzTarPerm modified mode [ 'examples/ex03_ping_pong.md', 420, 438 ]
484 silly gunzTarPerm extractEntry examples/ex02_events.md
485 silly gunzTarPerm modified mode [ 'examples/ex02_events.md', 420, 438 ]
486 silly gunzTarPerm extractEntry examples/ex01_basic.md
487 silly gunzTarPerm modified mode [ 'examples/ex01_basic.md', 420, 438 ]
488 silly gunzTarPerm extractEntry AUTHORS
489 silly gunzTarPerm modified mode [ 'AUTHORS', 420, 438 ]
490 silly gunzTarPerm extractEntry CHANGES.md
491 silly gunzTarPerm modified mode [ 'CHANGES.md', 436, 438 ]
492 silly gunzTarPerm extractEntry .editorconfig
493 silly gunzTarPerm modified mode [ '.editorconfig', 420, 438 ]
494 silly gunzTarPerm extractEntry package.ls
495 silly gunzTarPerm modified mode [ 'package.ls', 509, 511 ]
496 silly gunzTarPerm extractEntry src/load.js
497 silly gunzTarPerm modified mode [ 'src/load.js', 436, 438 ]
498 silly gunzTarPerm extractEntry src/createPool.js
499 silly gunzTarPerm modified mode [ 'src/createPool.js', 436, 438 ]
500 silly gunzTarPerm extractEntry src/events.js
501 silly gunzTarPerm modified mode [ 'src/events.js', 436, 438 ]
502 silly gunzTarPerm extractEntry src/thread_nextTick.js
503 silly gunzTarPerm modified mode [ 'src/thread_nextTick.js', 436, 438 ]
504 silly gunzTarPerm extractEntry src/worker.js
505 silly gunzTarPerm modified mode [ 'src/worker.js', 436, 438 ]
506 silly gunzTarPerm extractEntry src/createPool.js.c
507 silly gunzTarPerm modified mode [ 'src/createPool.js.c', 420, 438 ]
508 silly gunzTarPerm extractEntry src/createPool.ls
509 silly gunzTarPerm modified mode [ 'src/createPool.ls', 420, 438 ]
510 silly gunzTarPerm extractEntry src/bson.cc
511 silly gunzTarPerm modified mode [ 'src/bson.cc', 436, 438 ]
512 silly gunzTarPerm extractEntry src/events.js.c
513 silly gunzTarPerm modified mode [ 'src/events.js.c', 420, 438 ]
514 silly gunzTarPerm extractEntry src/events.ls
515 silly gunzTarPerm modified mode [ 'src/events.ls', 420, 438 ]
516 silly gunzTarPerm extractEntry src/jslib.cc
517 silly gunzTarPerm modified mode [ 'src/jslib.cc', 436, 438 ]
518 silly gunzTarPerm extractEntry src/WebWorkerThreads.cc
519 silly gunzTarPerm modified mode [ 'src/WebWorkerThreads.cc', 436, 438 ]
520 silly gunzTarPerm extractEntry src/load.js.c
521 silly gunzTarPerm modified mode [ 'src/load.js.c', 436, 438 ]
522 silly gunzTarPerm extractEntry src/load.ls
523 silly gunzTarPerm modified mode [ 'src/load.ls', 420, 438 ]
524 silly gunzTarPerm extractEntry src/nan_isolate_data_accessor.h
525 silly gunzTarPerm modified mode [ 'src/nan_isolate_data_accessor.h', 420, 438 ]
526 silly gunzTarPerm extractEntry src/queues_a_gogo.cc
527 silly gunzTarPerm modified mode [ 'src/queues_a_gogo.cc', 420, 438 ]
528 silly gunzTarPerm extractEntry src/bson.h
529 silly gunzTarPerm modified mode [ 'src/bson.h', 420, 438 ]
530 silly gunzTarPerm extractEntry src/thread_nextTick.js.c
531 silly gunzTarPerm modified mode [ 'src/thread_nextTick.js.c', 420, 438 ]
532 silly gunzTarPerm extractEntry src/thread_nextTick.ls
533 silly gunzTarPerm modified mode [ 'src/thread_nextTick.ls', 420, 438 ]
534 silly gunzTarPerm extractEntry src/ArrayBufferAllocator.h
535 silly gunzTarPerm modified mode [ 'src/ArrayBufferAllocator.h', 420, 438 ]
536 silly gunzTarPerm extractEntry src/worker.js.c
537 silly gunzTarPerm modified mode [ 'src/worker.js.c', 436, 438 ]
538 silly gunzTarPerm extractEntry src/worker.ls
539 silly gunzTarPerm modified mode [ 'src/worker.ls', 420, 438 ]
540 silly gunzTarPerm extractEntry test/ab.js
541 silly gunzTarPerm modified mode [ 'test/ab.js', 420, 438 ]
542 silly gunzTarPerm extractEntry test/test11_multi_callbacks.js
543 silly gunzTarPerm modified mode [ 'test/test11_multi_callbacks.js', 420, 438 ]
544 silly gunzTarPerm extractEntry test/test12_precompiled_vs_normal.js
545 silly gunzTarPerm modified mode [ 'test/test12_precompiled_vs_normal.js', 420, 438 ]
546 silly gunzTarPerm extractEntry test/test13_thread_nextTick_speed.js
547 silly gunzTarPerm modified mode [ 'test/test13_thread_nextTick_speed.js', 420, 438 ]
548 silly gunzTarPerm extractEntry test/test10_node_nextTick_speed.js
549 silly gunzTarPerm modified mode [ 'test/test10_node_nextTick_speed.js', 420, 438 ]
550 silly gunzTarPerm extractEntry test/test15_emit_ping_pong.js
551 silly gunzTarPerm modified mode [ 'test/test15_emit_ping_pong.js', 420, 438 ]
552 silly gunzTarPerm extractEntry test/test16_syntax_error_in_the_thread.js
553 silly gunzTarPerm modified mode [ 'test/test16_syntax_error_in_the_thread.js', 420, 438 ]
554 silly gunzTarPerm extractEntry test/test17_pool_pi.js
555 silly gunzTarPerm modified mode [ 'test/test17_pool_pi.js', 420, 438 ]
556 silly gunzTarPerm extractEntry test/test18_pool_any_as_fast_as_possible.js
557 silly gunzTarPerm modified mode [ 'test/test18_pool_any_as_fast_as_possible.js', 420, 438 ]
558 silly gunzTarPerm extractEntry test/test19_pool_emit_any_all.js
559 silly gunzTarPerm modified mode [ 'test/test19_pool_emit_any_all.js', 420, 438 ]
560 silly gunzTarPerm extractEntry test/test09_throw_from_the_callback.js
561 silly gunzTarPerm modified mode [ 'test/test09_throw_from_the_callback.js', 420, 438 ]
562 silly gunzTarPerm extractEntry test/test20_removeAllListeners.js
563 silly gunzTarPerm modified mode [ 'test/test20_removeAllListeners.js', 420, 438 ]
564 silly gunzTarPerm extractEntry test/test08_sigkill_leaks.js
565 silly gunzTarPerm modified mode [ 'test/test08_sigkill_leaks.js', 420, 438 ]
566 silly gunzTarPerm extractEntry test/test21_emit_ping_pong_big_string.js
567 silly gunzTarPerm modified mode [ 'test/test21_emit_ping_pong_big_string.js', 420, 438 ]
568 silly gunzTarPerm extractEntry test/test07_sigkill.js
569 silly gunzTarPerm modified mode [ 'test/test07_sigkill.js', 420, 438 ]
570 silly gunzTarPerm extractEntry test/test22_create_destroy_loop.js
571 silly gunzTarPerm modified mode [ 'test/test22_create_destroy_loop.js', 420, 438 ]
572 silly gunzTarPerm extractEntry test/test06_throw_from_the_thread.js
573 silly gunzTarPerm modified mode [ 'test/test06_throw_from_the_thread.js', 420, 438 ]
574 silly gunzTarPerm extractEntry test/test23_create_destroy_loop.js
575 silly gunzTarPerm modified mode [ 'test/test23_create_destroy_loop.js', 420, 438 ]
576 silly gunzTarPerm extractEntry test/test05_debugLeaksNoCallbacks.js
577 silly gunzTarPerm modified mode [ 'test/test05_debugLeaksNoCallbacks.js', 420, 438 ]
578 silly gunzTarPerm extractEntry test/test24_puts.js
579 silly gunzTarPerm modified mode [ 'test/test24_puts.js', 420, 438 ]
580 silly gunzTarPerm extractEntry test/test04_gc_versus_not_gc.js
581 silly gunzTarPerm modified mode [ 'test/test04_gc_versus_not_gc.js', 420, 438 ]
582 silly gunzTarPerm extractEntry test/test25_delete_puts.js
583 silly gunzTarPerm modified mode [ 'test/test25_delete_puts.js', 420, 438 ]
584 silly gunzTarPerm extractEntry test/test03_infiniteLoopFunction.js
585 silly gunzTarPerm modified mode [ 'test/test03_infiniteLoopFunction.js', 420, 438 ]
586 silly gentlyRm c:\Projects\JavaScript\defects\node_modules\.staging\nan-08f34c29\node_modules is being purged
587 verbose gentlyRm don't care about contents; nuking c:\Projects\JavaScript\defects\node_modules\.staging\nan-08f34c29\node_modules
588 silly gunzTarPerm extractEntry test/test26_puts_with_many_args.js
589 silly gunzTarPerm modified mode [ 'test/test26_puts_with_many_args.js', 420, 438 ]
590 silly gunzTarPerm extractEntry test/test02_loop_as_fast_as_possible.js
591 silly gunzTarPerm modified mode [ 'test/test02_loop_as_fast_as_possible.js', 420, 438 ]
592 silly gunzTarPerm extractEntry test/test27_puts_event_loop.js
593 silly gunzTarPerm modified mode [ 'test/test27_puts_event_loop.js', 420, 438 ]
594 silly gunzTarPerm extractEntry test/test01_loop_as_fast_as_possible.js
595 silly gunzTarPerm modified mode [ 'test/test01_loop_as_fast_as_possible.js', 420, 438 ]
596 silly gunzTarPerm extractEntry test/test28_puts_nextTick_loop.js
597 silly gunzTarPerm modified mode [ 'test/test28_puts_nextTick_loop.js', 420, 438 ]
598 silly gunzTarPerm extractEntry test/test00_run_once_and_destroy.js
599 silly gunzTarPerm modified mode [ 'test/test00_run_once_and_destroy.js', 436, 438 ]
600 silly gunzTarPerm extractEntry test/test29_puts_callback_loop.js
601 silly gunzTarPerm modified mode [ 'test/test29_puts_callback_loop.js', 420, 438 ]
602 silly gunzTarPerm extractEntry test/test14_emit_once.js
603 silly gunzTarPerm modified mode [ 'test/test14_emit_once.js', 420, 438 ]
604 silly gunzTarPerm extractEntry .travis.yml
605 silly gunzTarPerm modified mode [ '.travis.yml', 436, 438 ]
606 silly gunzTarPerm extractEntry TODO.md
607 silly gunzTarPerm modified mode [ 'TODO.md', 420, 438 ]
608 silly gunzTarPerm extractEntry test.ls
609 silly gunzTarPerm modified mode [ 'test.ls', 493, 511 ]
610 silly gentlyRm c:\Projects\JavaScript\defects\node_modules\.staging\webworker-threads-79d6168d\node_modules is being purged
611 verbose gentlyRm don't care about contents; nuking c:\Projects\JavaScript\defects\node_modules\.staging\webworker-threads-79d6168d\node_modules
612 silly doParallel preinstall 4
613 silly preinstall bindings@1.3.0 c:\Projects\JavaScript\defects\node_modules\.staging\bindings-4eae0076
614 info lifecycle bindings@1.3.0~preinstall: bindings@1.3.0
615 silly preinstall nan@2.10.0 c:\Projects\JavaScript\defects\node_modules\.staging\nan-08f34c29
616 info lifecycle nan@2.10.0~preinstall: nan@2.10.0
617 silly preinstall webworker-threads@0.7.13 c:\Projects\JavaScript\defects\node_modules\.staging\webworker-threads-79d6168d
618 info lifecycle webworker-threads@0.7.13~preinstall: webworker-threads@0.7.13
619 silly preinstall winax@1.0.9 c:\Projects\JavaScript\defects\node_modules\.staging\winax-43572a9c
620 info lifecycle winax@1.0.9~preinstall: winax@1.0.9
621 silly lifecycle bindings@1.3.0~preinstall: no script for preinstall, continuing
622 silly lifecycle nan@2.10.0~preinstall: no script for preinstall, continuing
623 silly lifecycle webworker-threads@0.7.13~preinstall: no script for preinstall, continuing
624 silly lifecycle winax@1.0.9~preinstall: no script for preinstall, continuing
625 silly doReverseSerial remove 0
626 silly doSerial move 0
627 silly doSerial finalize 4
628 silly finalize c:\Projects\JavaScript\defects\node_modules\bindings
629 silly finalize c:\Projects\JavaScript\defects\node_modules\nan
630 silly finalize c:\Projects\JavaScript\defects\node_modules\webworker-threads
631 silly finalize c:\Projects\JavaScript\defects\node_modules\winax
632 silly doSerial build 4
633 silly build bindings@1.3.0
634 info linkStuff bindings@1.3.0
635 silly linkStuff bindings@1.3.0 has c:\Projects\JavaScript\defects\node_modules as its parent node_modules
636 verbose linkBins bindings@1.3.0
637 verbose linkMans bindings@1.3.0
638 silly build nan@2.10.0
639 info linkStuff nan@2.10.0
640 silly linkStuff nan@2.10.0 has c:\Projects\JavaScript\defects\node_modules as its parent node_modules
641 verbose linkBins nan@2.10.0
642 verbose linkMans nan@2.10.0
643 silly build webworker-threads@0.7.13
644 info linkStuff webworker-threads@0.7.13
645 silly linkStuff webworker-threads@0.7.13 has c:\Projects\JavaScript\defects\node_modules as its parent node_modules
646 verbose linkBins webworker-threads@0.7.13
647 verbose linkMans webworker-threads@0.7.13
648 silly build winax@1.0.9
649 info linkStuff winax@1.0.9
650 silly linkStuff winax@1.0.9 has c:\Projects\JavaScript\defects\node_modules as its parent node_modules
651 verbose linkBins winax@1.0.9
652 verbose linkMans winax@1.0.9
653 silly doSerial global-link 0
654 silly doParallel update-linked 0
655 silly doSerial install 4
656 silly install bindings@1.3.0 c:\Projects\JavaScript\defects\node_modules\.staging\bindings-4eae0076
657 info lifecycle bindings@1.3.0~install: bindings@1.3.0
658 silly lifecycle bindings@1.3.0~install: no script for install, continuing
659 silly install nan@2.10.0 c:\Projects\JavaScript\defects\node_modules\.staging\nan-08f34c29
660 info lifecycle nan@2.10.0~install: nan@2.10.0
661 silly lifecycle nan@2.10.0~install: no script for install, continuing
662 silly install webworker-threads@0.7.13 c:\Projects\JavaScript\defects\node_modules\.staging\webworker-threads-79d6168d
663 info lifecycle webworker-threads@0.7.13~install: webworker-threads@0.7.13
664 verbose lifecycle webworker-threads@0.7.13~install: unsafe-perm in lifecycle true
665 verbose lifecycle webworker-threads@0.7.13~install: PATH: C:\Program Files (x86)\nodejs\node_modules\npm\bin\node-gyp-bin;c:\Projects\JavaScript\defects\node_modules\webworker-threads\node_modules\.bin;c:\Projects\JavaScript\defects\node_modules\.bin;C:\Users\Виталий\AppData\Roaming\npm;C:\Program Files (x86)\nodejs\;C:\ProgramData\Oracle\Java\javapath;C:\Program Files (x86)\Common Files\ArchestrA\;C:\WINDOWS\system32;C:\WINDOWS;C:\WINDOWS\System32\Wbem;C:\WINDOWS\System32\WindowsPowerShell\v1.0\;C:\Program Files\Microsoft SQL Server\120\Tools\Binn\;C:\Program Files (x86)\Windows Kits\10\Windows Performance Toolkit\;C:\Program Files\Microsoft SQL Server\110\Tools\Binn\;C:\Program Files (x86)\Microsoft SDKs\TypeScript\1.0\;C:\Program Files (x86)\Skype\Phone\;C:\Program Files (x86)\Android\android-sdk\tools;C:\Program Files (x86)\Java\jdk1.7.0_55\bin;D:\Java\MyPackage;C:\Program Files (x86)\Schneider Electric\Advantys\Bin;C:\Program Files\PostgreSQL\pg95\bin;C:\Program Files (x86)\nodejs\;C:\temp;C:\Program Files\MySQL\MySQL Server 5.5\bin;C:\wamp64\bin\mysql\mysql5.7.14\bin;C:\Program Files\Git\cmd;C:\Program Files\MongoDB\Server\3.4\bin;C:\Program Files\SlikSvn\bin;C:\Program Files\LLVM\bin;C:\TDM-GCC-64\bin;C:\WINDOWS\;C:\Program Files (x86)\Android\android-sdk\tools;C:\Program Files (x86)\Java\jdk1.7.0_55\bin;D:\Java\MyPackage;C:\PythonProjects\CS_Client;C:\Cummins;C:\Cummins\Common Files\Cummins Shared\Power Generation;C:\Users\Виталий\AppData\Roaming\npm;C:\temp;C:\Program Files (x86)\Microsoft Office\Office14\EXCEL.EXE;C:\Program Files\MySQL\MySQL Server 5.5\bin;C:\wamp64\bin\mysql\mysql5.7.14\bin;C:\Program Files\MongoDB\Server\3.4\bin;C:\Python3.4\WinPython-64bit-3.4.3.7\python-3.4.3.amd64;C:\Python3.4\WinPython-64bit-3.4.3.7\python-3.4.3.amd64\Scripts
666 verbose lifecycle webworker-threads@0.7.13~install: CWD: c:\Projects\JavaScript\defects\node_modules\webworker-threads
667 silly lifecycle webworker-threads@0.7.13~install: Args: [ '/d /s /c', 'node-gyp rebuild' ]
668 silly lifecycle webworker-threads@0.7.13~install: Returned: code: 1  signal: null
669 info lifecycle webworker-threads@0.7.13~install: Failed to exec install script
670 verbose unlock done using C:\Users\Виталий\AppData\Roaming\npm-cache\_locks\staging-0cbcee752bf84745.lock for c:\Projects\JavaScript\defects\node_modules\.staging
671 silly rollbackFailedOptional Starting
672 silly rollbackFailedOptional Finishing
673 silly runTopLevelLifecycles Finishing
674 silly install printInstalled
675 warn defects@1.0.0 No description
676 verbose If you need help, you may report this error at:
676 verbose     <https://github.com/npm/npm/issues>
677 verbose stack Error: webworker-threads@0.7.13 install: `node-gyp rebuild`
677 verbose stack Exit status 1
677 verbose stack     at EventEmitter.<anonymous> (C:\Program Files (x86)\nodejs\node_modules\npm\lib\utils\lifecycle.js:255:16)
677 verbose stack     at emitTwo (events.js:106:13)
677 verbose stack     at EventEmitter.emit (events.js:191:7)
677 verbose stack     at ChildProcess.<anonymous> (C:\Program Files (x86)\nodejs\node_modules\npm\lib\utils\spawn.js:40:14)
677 verbose stack     at emitTwo (events.js:106:13)
677 verbose stack     at ChildProcess.emit (events.js:191:7)
677 verbose stack     at maybeClose (internal/child_process.js:891:16)
677 verbose stack     at Process.ChildProcess._handle.onexit (internal/child_process.js:226:5)
678 verbose pkgid webworker-threads@0.7.13
679 verbose cwd c:\Projects\JavaScript\defects
680 error Windows_NT 6.3.9600
681 error argv "C:\\Program Files (x86)\\nodejs\\node.exe" "C:\\Program Files (x86)\\nodejs\\node_modules\\npm\\bin\\npm-cli.js" "i" "winax" "--save"
682 error node v6.11.2
683 error npm  v3.10.10
684 error code ELIFECYCLE
685 error webworker-threads@0.7.13 install: `node-gyp rebuild`
685 error Exit status 1
686 error Failed at the webworker-threads@0.7.13 install script 'node-gyp rebuild'.
686 error Make sure you have the latest version of node.js and npm installed.
686 error If you do, this is most likely a problem with the webworker-threads package,
686 error not with npm itself.
686 error Tell the author that this fails on your system:
686 error     node-gyp rebuild
686 error You can get information on how to open an issue for this project with:
686 error     npm bugs webworker-threads
686 error Or if that isn't available, you can get their info via:
686 error     npm owner ls webworker-threads
686 error There is likely additional logging output above.
687 verbose exit [ 1, true ]
