0 info it worked if it ends with ok
1 verbose cli [ 'C:\\Program Files (x86)\\nodejs\\node.exe',
1 verbose cli   'C:\\Program Files (x86)\\nodejs\\node_modules\\npm\\bin\\npm-cli.js',
1 verbose cli   'run',
1 verbose cli   'build' ]
2 info using npm@3.10.10
3 info using node@v6.11.2
4 verbose run-script [ 'prebuild', 'build', 'postbuild' ]
5 info lifecycle defects@1.0.0~prebuild: defects@1.0.0
6 silly lifecycle defects@1.0.0~prebuild: no script for prebuild, continuing
7 info lifecycle defects@1.0.0~build: defects@1.0.0
8 verbose lifecycle defects@1.0.0~build: unsafe-perm in lifecycle true
9 verbose lifecycle defects@1.0.0~build: PATH: C:\Program Files (x86)\nodejs\node_modules\npm\bin\node-gyp-bin;c:\Projects\JavaScript\defects\node_modules\.bin;C:\Program Files (x86)\nodejs\node_modules\npm\bin\node-gyp-bin;c:\Projects\JavaScript\defects\node_modules\.bin;C:\Users\Виталий\AppData\Roaming\npm;C:\Program Files (x86)\nodejs\;C:\ProgramData\Oracle\Java\javapath;C:\Program Files (x86)\Common Files\ArchestrA\;C:\WINDOWS\system32;C:\WINDOWS;C:\WINDOWS\System32\Wbem;C:\WINDOWS\System32\WindowsPowerShell\v1.0\;C:\Program Files\Microsoft SQL Server\120\Tools\Binn\;C:\Program Files (x86)\Windows Kits\10\Windows Performance Toolkit\;C:\Program Files\Microsoft SQL Server\110\Tools\Binn\;C:\Program Files (x86)\Microsoft SDKs\TypeScript\1.0\;C:\Program Files (x86)\Skype\Phone\;C:\Program Files (x86)\Android\android-sdk\tools;C:\Program Files (x86)\Java\jdk1.7.0_55\bin;D:\Java\MyPackage;C:\Program Files (x86)\Schneider Electric\Advantys\Bin;C:\Program Files\PostgreSQL\pg95\bin;C:\Program Files (x86)\nodejs\;C:\temp;C:\Program Files\MySQL\MySQL Server 5.5\bin;C:\wamp64\bin\mysql\mysql5.7.14\bin;C:\Program Files\Git\cmd;C:\Program Files\MongoDB\Server\3.4\bin;C:\Program Files\SlikSvn\bin;C:\Program Files\LLVM\bin;C:\TDM-GCC-64\bin;c:\Program Files (x86)\Microsoft SQL Server\110\Tools\Binn\ManagementStudio\;c:\Program Files (x86)\Microsoft SQL Server\110\Tools\Binn\;c:\Program Files (x86)\Microsoft SQL Server\110\DTS\Binn\;c:\Program Files\Microsoft SQL Server\110\DTS\Binn\;C:\WINDOWS\;C:\Program Files (x86)\Android\android-sdk\tools;C:\Program Files (x86)\Java\jdk1.7.0_55\bin;D:\Java\MyPackage;C:\PythonProjects\CS_Client;C:\Cummins;C:\Cummins\Common Files\Cummins Shared\Power Generation;C:\Users\Виталий\AppData\Roaming\npm;C:\temp;C:\Program Files (x86)\Microsoft Office\Office14\EXCEL.EXE;C:\Program Files\MySQL\MySQL Server 5.5\bin;C:\wamp64\bin\mysql\mysql5.7.14\bin;C:\Program Files\MongoDB\Server\3.4\bin;C:\Python3.4\WinPython-64bit-3.4.3.7\python-3.4.3.amd64;C:\Python3.4\WinPython-64bit-3.4.3.7\python-3.4.3.amd64\Scripts
10 verbose lifecycle defects@1.0.0~build: CWD: c:\Projects\JavaScript\defects
11 silly lifecycle defects@1.0.0~build: Args: [ '/d /s /c', 'cd proxy-server & node proxy-server.js' ]
12 silly lifecycle defects@1.0.0~build: Returned: code: 1  signal: null
13 info lifecycle defects@1.0.0~build: Failed to exec build script
14 verbose stack Error: defects@1.0.0 build: `cd proxy-server & node proxy-server.js`
14 verbose stack Exit status 1
14 verbose stack     at EventEmitter.<anonymous> (C:\Program Files (x86)\nodejs\node_modules\npm\lib\utils\lifecycle.js:255:16)
14 verbose stack     at emitTwo (events.js:106:13)
14 verbose stack     at EventEmitter.emit (events.js:191:7)
14 verbose stack     at ChildProcess.<anonymous> (C:\Program Files (x86)\nodejs\node_modules\npm\lib\utils\spawn.js:40:14)
14 verbose stack     at emitTwo (events.js:106:13)
14 verbose stack     at ChildProcess.emit (events.js:191:7)
14 verbose stack     at maybeClose (internal/child_process.js:891:16)
14 verbose stack     at Process.ChildProcess._handle.onexit (internal/child_process.js:226:5)
15 verbose pkgid defects@1.0.0
16 verbose cwd c:\Projects\JavaScript\defects\backend
17 error Windows_NT 6.3.9600
18 error argv "C:\\Program Files (x86)\\nodejs\\node.exe" "C:\\Program Files (x86)\\nodejs\\node_modules\\npm\\bin\\npm-cli.js" "run" "build"
19 error node v6.11.2
20 error npm  v3.10.10
21 error code ELIFECYCLE
22 error defects@1.0.0 build: `cd proxy-server & node proxy-server.js`
22 error Exit status 1
23 error Failed at the defects@1.0.0 build script 'cd proxy-server & node proxy-server.js'.
23 error Make sure you have the latest version of node.js and npm installed.
23 error If you do, this is most likely a problem with the defects package,
23 error not with npm itself.
23 error Tell the author that this fails on your system:
23 error     cd proxy-server & node proxy-server.js
23 error You can get information on how to open an issue for this project with:
23 error     npm bugs defects
23 error Or if that isn't available, you can get their info via:
23 error     npm owner ls defects
23 error There is likely additional logging output above.
24 verbose exit [ 1, true ]
